<?xml version="1.0" encoding="UTF-8"?>
<coverage generated="1492026269604" clover="3.2.0">
  <project timestamp="1492026269604" name="All files">
    <metrics statements="5" coveredstatements="5" conditionals="0" coveredconditionals="0" methods="3" coveredmethods="3" elements="8" coveredelements="8" complexity="0" loc="5" ncloc="5" packages="1" files="1" classes="1">
      <file name="component-owner.js" path="/Users/ulantja/Workspace/component-archetype/src/js/component-owner.js">
        <metrics statements="5" coveredstatements="5" conditionals="0" coveredconditionals="0" methods="3" coveredmethods="3"/>
        <line num="8" count="2" type="stmt"/>
        <line num="12" count="2" type="stmt"/>
        <line num="24" count="1" type="stmt"/>
        <line num="28" count="3" type="stmt"/>
        <line num="32" count="3" type="stmt"/>
      </file>
    </metrics>
  </project>
</coverage>
