{"/Users/mac/Workspace/components/component-archetype/src/js/component-owner.js": {"path":"/Users/mac/Workspace/components/component-archetype/src/js/component-owner.js","statementMap":{"0":{"start":{"line":29,"column":4},"end":{"line":29,"column":17}},"1":{"start":{"line":34,"column":4},"end":{"line":36,"column":6}},"2":{"start":{"line":46,"column":4},"end":{"line":46,"column":52}},"3":{"start":{"line":51,"column":28},"end":{"line":51,"column":43}},"4":{"start":{"line":55,"column":4},"end":{"line":63,"column":5}}},"fnMap":{"0":{"name":"(anonymous_0)","decl":{"start":{"line":27,"column":2},"end":{"line":27,"column":3}},"loc":{"start":{"line":27,"column":21},"end":{"line":37,"column":3}}},"1":{"name":"(anonymous_1)","decl":{"start":{"line":45,"column":12},"end":{"line":45,"column":13}},"loc":{"start":{"line":45,"column":18},"end":{"line":47,"column":3}}},"2":{"name":"(anonymous_2)","decl":{"start":{"line":49,"column":2},"end":{"line":49,"column":3}},"loc":{"start":{"line":49,"column":11},"end":{"line":64,"column":3}}}},"branchMap":{},"s":{"0":2,"1":2,"2":1,"3":3,"4":3},"f":{"0":2,"1":1,"2":3},"b":{},"_coverageSchema":"332fd63041d2c1bcb487cc26dd0d5f7d97098a6c","hash":"cbbaa8043aa6d56e26fbf418767a2e83251fe222"}
,"/Users/mac/Workspace/components/component-archetype/src/js/defaultMessages.js": {"path":"/Users/mac/Workspace/components/component-archetype/src/js/defaultMessages.js","statementMap":{"0":{"start":{"line":6,"column":24},"end":{"line":17,"column":2}}},"fnMap":{},"branchMap":{},"s":{"0":1},"f":{},"b":{},"_coverageSchema":"332fd63041d2c1bcb487cc26dd0d5f7d97098a6c","hash":"34f5478d293d3950fc207c3377f78b8815da00b9"}
}
