{"/Users/ulantja/Workspace/component-archetype/src/js/component-owner.js": {"path":"/Users/ulantja/Workspace/component-archetype/src/js/component-owner.js","statementMap":{"0":{"start":{"line":8,"column":4},"end":{"line":8,"column":17}},"1":{"start":{"line":12,"column":4},"end":{"line":14,"column":6}},"2":{"start":{"line":24,"column":4},"end":{"line":24,"column":57}},"3":{"start":{"line":28,"column":21},"end":{"line":28,"column":31}},"4":{"start":{"line":32,"column":4},"end":{"line":38,"column":5}}},"fnMap":{"0":{"name":"(anonymous_0)","decl":{"start":{"line":6,"column":2},"end":{"line":6,"column":3}},"loc":{"start":{"line":6,"column":21},"end":{"line":15,"column":3}}},"1":{"name":"(anonymous_1)","decl":{"start":{"line":23,"column":12},"end":{"line":23,"column":13}},"loc":{"start":{"line":23,"column":18},"end":{"line":25,"column":3}}},"2":{"name":"(anonymous_2)","decl":{"start":{"line":27,"column":2},"end":{"line":27,"column":3}},"loc":{"start":{"line":27,"column":11},"end":{"line":39,"column":3}}}},"branchMap":{},"s":{"0":2,"1":2,"2":1,"3":3,"4":3},"f":{"0":2,"1":1,"2":3},"b":{},"_coverageSchema":"332fd63041d2c1bcb487cc26dd0d5f7d97098a6c","hash":"72182c69544a235aed906beb3badca2c0d5bca06"}
}
